<?xml version="1.0" encoding="UTF-8"?><testrun name="HuffmanSuite" project="patmat" tests="12" started="12" failures="0" errors="1" ignored="0">
  <testsuite name="patmat.HuffmanSuite" time="4.653">
    <testcase name="weight of a larger tree" classname="patmat.HuffmanSuite" time="0.025"/>
    <testcase name="chars of a larger tree" classname="patmat.HuffmanSuite" time="0.0"/>
    <testcase name="string2chars" classname="&quot;hello, world&quot;" time="0.002"/>
    <testcase name="sortowanie" classname="patmat.HuffmanSuite" time="0.002"/>
    <testcase name="sortowanie2" classname="patmat.HuffmanSuite" time="0.001"/>
    <testcase name="liczenie" classname="patmat.HuffmanSuite" time="0.0"/>
    <testcase name="makeOrderedLeafList for some frequency table" classname="patmat.HuffmanSuite" time="0.002"/>
    <testcase name="singleton" classname="patmat.HuffmanSuite" time="0.0"/>
    <testcase name="until" classname="patmat.HuffmanSuite" time="0.003"/>
    <testcase name="createCodeTree" classname="patmat.HuffmanSuite" time="0.001"/>
    <testcase name="combine of some leaf list" classname="patmat.HuffmanSuite" time="0.0"/>
    <testcase name="french secret" classname="patmat.HuffmanSuite" time="4.616">
      <error>java.util.NoSuchElementException: head of empty list
	at scala.collection.immutable.Nil$.head(List.scala:337)
	at scala.collection.immutable.Nil$.head(List.scala:334)
	at patmat.Huffman$.decodeChar(Huffman.scala:215)
	at patmat.Huffman$.decodeHelper(Huffman.scala:207)
	at patmat.Huffman$.decode(Huffman.scala:203)
	at patmat.Huffman$.decodedSecret(Huffman.scala:244)
	at patmat.HuffmanSuite$$anonfun$12.apply$mcV$sp(HuffmanSuite.scala:71)
	at patmat.HuffmanSuite$$anonfun$12.apply(HuffmanSuite.scala:71)
	at patmat.HuffmanSuite$$anonfun$12.apply(HuffmanSuite.scala:71)
	at org.scalatest.FunSuite$$anon$1.apply(FunSuite.scala:1265)
	at org.scalatest.Suite$class.withFixture(Suite.scala:1974)
	at patmat.HuffmanSuite.withFixture(HuffmanSuite.scala:11)
	at org.scalatest.FunSuite$class.invokeWithFixture$1(FunSuite.scala:1262)
	at org.scalatest.FunSuite$$anonfun$runTest$1.apply(FunSuite.scala:1271)
	at org.scalatest.FunSuite$$anonfun$runTest$1.apply(FunSuite.scala:1271)
	at org.scalatest.SuperEngine.runTestImpl(Engine.scala:198)
	at org.scalatest.FunSuite$class.runTest(FunSuite.scala:1271)
	at patmat.HuffmanSuite.runTest(HuffmanSuite.scala:11)
	at org.scalatest.FunSuite$$anonfun$runTests$1.apply(FunSuite.scala:1304)
	at org.scalatest.FunSuite$$anonfun$runTests$1.apply(FunSuite.scala:1304)
	at org.scalatest.SuperEngine$$anonfun$org$scalatest$SuperEngine$$runTestsInBranch$1.apply(Engine.scala:260)
	at org.scalatest.SuperEngine$$anonfun$org$scalatest$SuperEngine$$runTestsInBranch$1.apply(Engine.scala:249)
	at scala.collection.immutable.List.foreach(List.scala:318)
	at org.scalatest.SuperEngine.org$scalatest$SuperEngine$$runTestsInBranch(Engine.scala:249)
	at org.scalatest.SuperEngine.runTestsImpl(Engine.scala:326)
	at org.scalatest.FunSuite$class.runTests(FunSuite.scala:1304)
	at patmat.HuffmanSuite.runTests(HuffmanSuite.scala:11)
	at org.scalatest.Suite$class.run(Suite.scala:2303)
	at patmat.HuffmanSuite.org$scalatest$FunSuite$$super$run(HuffmanSuite.scala:11)
	at org.scalatest.FunSuite$$anonfun$run$1.apply(FunSuite.scala:1310)
	at org.scalatest.FunSuite$$anonfun$run$1.apply(FunSuite.scala:1310)
	at org.scalatest.SuperEngine.runImpl(Engine.scala:362)
	at org.scalatest.FunSuite$class.run(FunSuite.scala:1310)
	at patmat.HuffmanSuite.run(HuffmanSuite.scala:11)
	at org.scalatest.junit.JUnitRunner.run(JUnitRunner.scala:94)
	at org.eclipse.jdt.internal.junit4.runner.JUnit4TestReference.run(JUnit4TestReference.java:50)
	at org.eclipse.jdt.internal.junit.runner.TestExecution.run(TestExecution.java:38)
	at org.eclipse.jdt.internal.junit.runner.RemoteTestRunner.runTests(RemoteTestRunner.java:467)
	at org.eclipse.jdt.internal.junit.runner.RemoteTestRunner.runTests(RemoteTestRunner.java:683)
	at org.eclipse.jdt.internal.junit.runner.RemoteTestRunner.run(RemoteTestRunner.java:390)
	at org.eclipse.jdt.internal.junit.runner.RemoteTestRunner.main(RemoteTestRunner.java:197)

</error>
    </testcase>
  </testsuite>
</testrun>
